[debug] [2020-11-27T16:40:16.186Z] ----------------------------------------------------------------------
[debug] [2020-11-27T16:40:16.189Z] Command:       /snap/node/3292/bin/node /usr/local/bin/firebase emulators:start
[debug] [2020-11-27T16:40:16.189Z] CLI Version:   8.16.2
[debug] [2020-11-27T16:40:16.189Z] Platform:      linux
[debug] [2020-11-27T16:40:16.190Z] Node Version:  v12.19.0
[debug] [2020-11-27T16:40:16.190Z] Time:          Fri Nov 27 2020 22:10:16 GMT+0530 (India Standard Time)
[debug] [2020-11-27T16:40:16.190Z] ----------------------------------------------------------------------
[debug] [2020-11-27T16:40:16.190Z] 
[debug] [2020-11-27T16:40:16.197Z] > command requires scopes: ["email","openid","https://www.googleapis.com/auth/cloudplatformprojects.readonly","https://www.googleapis.com/auth/firebase","https://www.googleapis.com/auth/cloud-platform"]
[debug] [2020-11-27T16:40:16.197Z] > authorizing via signed-in user
[info] i  emulators: Starting emulators: functions, hosting {"metadata":{"emulator":{"name":"hub"},"message":"Starting emulators: functions, hosting"}}
[warn] ⚠  emulators: It seems that you are running multiple instances of the emulator suite for project eshop-85231. This may result in unexpected behavior. 
[debug] [2020-11-27T16:40:16.222Z] [hub] writing locator at /tmp/hub-eshop-85231.json
[warn] ⚠  functions: The following emulators are not running, calls to these services from the Functions emulator will affect production: auth, firestore, database, pubsub {"metadata":{"emulator":{"name":"functions"},"message":"The following emulators are not running, calls to these services from the Functions emulator will affect production: \u001b[1mauth, firestore, database, pubsub\u001b[22m"}}
[warn] ⚠  Your requested "node" version "10" doesn't match your global version "12" {"metadata":{"emulator":{"name":"functions"},"message":"Your requested \"node\" version \"10\" doesn't match your global version \"12\""}}
[debug] [2020-11-27T16:40:16.262Z] defaultcredentials: writing to file /home/workhome/.config/firebase/akash_sharma3106_gmail.com_application_default_credentials.json
[debug] [2020-11-27T16:40:16.265Z] Setting GAC to /home/workhome/.config/firebase/akash_sharma3106_gmail.com_application_default_credentials.json {"metadata":{"emulator":{"name":"functions"},"message":"Setting GAC to /home/workhome/.config/firebase/akash_sharma3106_gmail.com_application_default_credentials.json"}}
[debug] [2020-11-27T16:40:16.276Z] > refreshing access token with scopes: ["email","https://www.googleapis.com/auth/cloud-platform","https://www.googleapis.com/auth/cloudplatformprojects.readonly","https://www.googleapis.com/auth/firebase","openid"]
[debug] [2020-11-27T16:40:16.276Z] >>> HTTP REQUEST POST https://www.googleapis.com/oauth2/v3/token  
 <request body omitted>
[debug] [2020-11-27T16:40:16.512Z] <<< HTTP RESPONSE 200 {"cache-control":"no-cache, no-store, max-age=0, must-revalidate","expires":"Mon, 01 Jan 1990 00:00:00 GMT","date":"Fri, 27 Nov 2020 16:40:16 GMT","pragma":"no-cache","content-type":"application/json; charset=utf-8","vary":"X-Origin, Referer, Origin,Accept-Encoding","server":"scaffolding on HTTPServer2","x-xss-protection":"0","x-frame-options":"SAMEORIGIN","x-content-type-options":"nosniff","alt-svc":"h3-29=\":443\"; ma=2592000,h3-T051=\":443\"; ma=2592000,h3-Q050=\":443\"; ma=2592000,h3-Q046=\":443\"; ma=2592000,h3-Q043=\":443\"; ma=2592000,quic=\":443\"; ma=2592000; v=\"46,43\"","accept-ranges":"none","transfer-encoding":"chunked"}
[debug] [2020-11-27T16:40:16.556Z] >>> HTTP REQUEST GET https://firebase.googleapis.com/v1beta1/projects/eshop-85231/webApps/-/config  
 
[debug] [2020-11-27T16:40:17.960Z] <<< HTTP RESPONSE 200 {"content-type":"application/json; charset=UTF-8","vary":"X-Origin, Referer, Origin,Accept-Encoding","date":"Fri, 27 Nov 2020 16:40:17 GMT","server":"ESF","cache-control":"private","x-xss-protection":"0","x-frame-options":"SAMEORIGIN","x-content-type-options":"nosniff","alt-svc":"h3-29=\":443\"; ma=2592000,h3-T051=\":443\"; ma=2592000,h3-Q050=\":443\"; ma=2592000,h3-Q046=\":443\"; ma=2592000,h3-Q043=\":443\"; ma=2592000,quic=\":443\"; ma=2592000; v=\"46,43\"","accept-ranges":"none","transfer-encoding":"chunked"}
[info] i  hosting: Serving hosting files from: build {"metadata":{"emulator":{"name":"hosting"},"message":"Serving hosting files from: \u001b[1mbuild\u001b[22m"}}
[info] ✔  hosting: Local server: http://localhost:5000 {"metadata":{"emulator":{"name":"hosting"},"message":"Local server: \u001b[4m\u001b[1mhttp://localhost:5000\u001b[22m\u001b[24m"}}
[debug] [2020-11-27T16:40:18.041Z] Ignoring unsupported arg: auto_download {"metadata":{"emulator":{"name":"ui"},"message":"Ignoring unsupported arg: auto_download"}}
[debug] [2020-11-27T16:40:18.041Z] Ignoring unsupported arg: port {"metadata":{"emulator":{"name":"ui"},"message":"Ignoring unsupported arg: port"}}
[debug] [2020-11-27T16:40:18.041Z] Starting Emulator UI with command {"binary":"node","args":["/home/workhome/.cache/firebase/emulators/ui-v1.2.2/server.bundle.js"],"optionalArgs":[],"joinArgs":false} {"metadata":{"emulator":{"name":"ui"},"message":"Starting Emulator UI with command {\"binary\":\"node\",\"args\":[\"/home/workhome/.cache/firebase/emulators/ui-v1.2.2/server.bundle.js\"],\"optionalArgs\":[],\"joinArgs\":false}"}}
[info] i  ui: Emulator UI logging to ui-debug.log {"metadata":{"emulator":{"name":"ui"},"message":"Emulator UI logging to \u001b[1mui-debug.log\u001b[22m"}}
[info] i  functions: Watching "/home/workhome/React js/amazon-clone/functions" for Cloud Functions... {"metadata":{"emulator":{"name":"functions"},"message":"Watching \"/home/workhome/React js/amazon-clone/functions\" for Cloud Functions..."}}
[debug] [2020-11-27T16:40:18.329Z] [worker-pool] addWorker(~diagnostic~) {"metadata":{"emulator":{"name":"functions"},"message":"[worker-pool] addWorker(~diagnostic~)"}}
[debug] [2020-11-27T16:40:18.329Z] [worker-pool] Adding worker with key ~diagnostic~, total=1 {"metadata":{"emulator":{"name":"functions"},"message":"[worker-pool] Adding worker with key ~diagnostic~, total=1"}}
[debug] [2020-11-27T16:40:18.329Z] [worker-pool] submitWork(triggerId=) {"metadata":{"emulator":{"name":"functions"},"message":"[worker-pool] submitWork(triggerId=)"}}
[debug] [2020-11-27T16:40:18.330Z] [worker-~diagnostic~-7dec68f4-f7fd-4af4-80ed-f1512ec1c546]: Assigning socketPath: /tmp/fire_emu_194343.sock {"metadata":{"emulator":{"name":"functions"},"message":"[worker-~diagnostic~-7dec68f4-f7fd-4af4-80ed-f1512ec1c546]: Assigning socketPath: /tmp/fire_emu_194343.sock"}}
[debug] [2020-11-27T16:40:18.330Z] [worker-~diagnostic~-7dec68f4-f7fd-4af4-80ed-f1512ec1c546]: BUSY {"metadata":{"emulator":{"name":"functions"},"message":"[worker-~diagnostic~-7dec68f4-f7fd-4af4-80ed-f1512ec1c546]: BUSY"}}
[debug] [2020-11-27T16:40:18.708Z] [runtime-status] [194343] Functions runtime initialized. {"cwd":"/home/workhome/React js/amazon-clone/functions","node_version":"12.19.0"} {"metadata":{"emulator":{"name":"functions"},"message":"[runtime-status] [194343] Functions runtime initialized. {\"cwd\":\"/home/workhome/React js/amazon-clone/functions\",\"node_version\":\"12.19.0\"}"}}
[debug] [2020-11-27T16:40:18.719Z] [runtime-status] [194343] Disabled runtime features: undefined {"metadata":{"emulator":{"name":"functions"},"message":"[runtime-status] [194343] Disabled runtime features: undefined"}}
[debug] [2020-11-27T16:40:18.721Z] [runtime-status] [194343] Resolved module firebase-admin {"declared":true,"installed":true,"version":"8.13.0","resolution":"/home/workhome/React js/amazon-clone/functions/node_modules/firebase-admin/lib/index.js"} {"metadata":{"emulator":{"name":"functions"},"message":"[runtime-status] [194343] Resolved module firebase-admin {\"declared\":true,\"installed\":true,\"version\":\"8.13.0\",\"resolution\":\"/home/workhome/React js/amazon-clone/functions/node_modules/firebase-admin/lib/index.js\"}"}}
[debug] [2020-11-27T16:40:18.721Z] [runtime-status] [194343] Resolved module firebase-functions {"declared":true,"installed":true,"version":"3.11.0","resolution":"/home/workhome/React js/amazon-clone/functions/node_modules/firebase-functions/lib/index.js"} {"metadata":{"emulator":{"name":"functions"},"message":"[runtime-status] [194343] Resolved module firebase-functions {\"declared\":true,\"installed\":true,\"version\":\"3.11.0\",\"resolution\":\"/home/workhome/React js/amazon-clone/functions/node_modules/firebase-functions/lib/index.js\"}"}}
[debug] [2020-11-27T16:40:18.721Z] [runtime-status] [194343] Resolved module firebase-functions {"declared":true,"installed":true,"version":"3.11.0","resolution":"/home/workhome/React js/amazon-clone/functions/node_modules/firebase-functions/lib/index.js"} {"metadata":{"emulator":{"name":"functions"},"message":"[runtime-status] [194343] Resolved module firebase-functions {\"declared\":true,\"installed\":true,\"version\":\"3.11.0\",\"resolution\":\"/home/workhome/React js/amazon-clone/functions/node_modules/firebase-functions/lib/index.js\"}"}}
[debug] [2020-11-27T16:40:18.734Z] [runtime-status] [194343] Outgoing network have been stubbed. [{"name":"http","status":"mocked"},{"name":"http","status":"mocked"},{"name":"https","status":"mocked"},{"name":"https","status":"mocked"},{"name":"net","status":"mocked"}] {"metadata":{"emulator":{"name":"functions"},"message":"[runtime-status] [194343] Outgoing network have been stubbed. [{\"name\":\"http\",\"status\":\"mocked\"},{\"name\":\"http\",\"status\":\"mocked\"},{\"name\":\"https\",\"status\":\"mocked\"},{\"name\":\"https\",\"status\":\"mocked\"},{\"name\":\"net\",\"status\":\"mocked\"}]"}}
[debug] [2020-11-27T16:40:18.735Z] [runtime-status] [194343] Resolved module firebase-functions {"declared":true,"installed":true,"version":"3.11.0","resolution":"/home/workhome/React js/amazon-clone/functions/node_modules/firebase-functions/lib/index.js"} {"metadata":{"emulator":{"name":"functions"},"message":"[runtime-status] [194343] Resolved module firebase-functions {\"declared\":true,\"installed\":true,\"version\":\"3.11.0\",\"resolution\":\"/home/workhome/React js/amazon-clone/functions/node_modules/firebase-functions/lib/index.js\"}"}}
[debug] [2020-11-27T16:40:18.780Z] [runtime-status] [194343] Checked functions.config() {"config":{}} {"metadata":{"emulator":{"name":"functions"},"message":"[runtime-status] [194343] Checked functions.config() {\"config\":{}}"}}
[debug] [2020-11-27T16:40:18.781Z] [runtime-status] [194343] firebase-functions has been stubbed. {"functionsResolution":{"declared":true,"installed":true,"version":"3.11.0","resolution":"/home/workhome/React js/amazon-clone/functions/node_modules/firebase-functions/lib/index.js"}} {"metadata":{"emulator":{"name":"functions"},"message":"[runtime-status] [194343] firebase-functions has been stubbed. {\"functionsResolution\":{\"declared\":true,\"installed\":true,\"version\":\"3.11.0\",\"resolution\":\"/home/workhome/React js/amazon-clone/functions/node_modules/firebase-functions/lib/index.js\"}}"}}
[debug] [2020-11-27T16:40:18.781Z] [runtime-status] [194343] Resolved module firebase-functions {"declared":true,"installed":true,"version":"3.11.0","resolution":"/home/workhome/React js/amazon-clone/functions/node_modules/firebase-functions/lib/index.js"} {"metadata":{"emulator":{"name":"functions"},"message":"[runtime-status] [194343] Resolved module firebase-functions {\"declared\":true,\"installed\":true,\"version\":\"3.11.0\",\"resolution\":\"/home/workhome/React js/amazon-clone/functions/node_modules/firebase-functions/lib/index.js\"}"}}
[debug] [2020-11-27T16:40:18.782Z] [runtime-status] [194343] Resolved module firebase-admin {"declared":true,"installed":true,"version":"8.13.0","resolution":"/home/workhome/React js/amazon-clone/functions/node_modules/firebase-admin/lib/index.js"} {"metadata":{"emulator":{"name":"functions"},"message":"[runtime-status] [194343] Resolved module firebase-admin {\"declared\":true,\"installed\":true,\"version\":\"8.13.0\",\"resolution\":\"/home/workhome/React js/amazon-clone/functions/node_modules/firebase-admin/lib/index.js\"}"}}
[debug] [2020-11-27T16:40:18.783Z] [runtime-status] [194343] Resolved module firebase-functions {"declared":true,"installed":true,"version":"3.11.0","resolution":"/home/workhome/React js/amazon-clone/functions/node_modules/firebase-functions/lib/index.js"} {"metadata":{"emulator":{"name":"functions"},"message":"[runtime-status] [194343] Resolved module firebase-functions {\"declared\":true,\"installed\":true,\"version\":\"3.11.0\",\"resolution\":\"/home/workhome/React js/amazon-clone/functions/node_modules/firebase-functions/lib/index.js\"}"}}
[debug] [2020-11-27T16:40:18.784Z] [runtime-status] [194343] firebase-admin has been stubbed. {"adminResolution":{"declared":true,"installed":true,"version":"8.13.0","resolution":"/home/workhome/React js/amazon-clone/functions/node_modules/firebase-admin/lib/index.js"}} {"metadata":{"emulator":{"name":"functions"},"message":"[runtime-status] [194343] firebase-admin has been stubbed. {\"adminResolution\":{\"declared\":true,\"installed\":true,\"version\":\"8.13.0\",\"resolution\":\"/home/workhome/React js/amazon-clone/functions/node_modules/firebase-admin/lib/index.js\"}}"}}
[info] ✔  functions[api]: http function initialized (http://localhost:5001/eshop-85231/us-central1/api). {"metadata":{"emulator":{"name":"functions"},"message":"\u001b[1mhttp\u001b[22m function initialized (http://localhost:5001/eshop-85231/us-central1/api)."}}
[info] 
┌────────────────────────────────────────────────────────────────┐
│ ✔  All emulators ready! View status and logs at localhost:4000 │
└────────────────────────────────────────────────────────────────┘

┌───────────┬────────────────┬──────────────────────────┐
│ Emulator  │ Host:Port      │ View in Emulator UI      │
├───────────┼────────────────┼──────────────────────────┤
│ Functions │ localhost:5001 │ localhost:4000/functions │
├───────────┼────────────────┼──────────────────────────┤
│ Hosting   │ localhost:5000 │ n/a                      │
└───────────┴────────────────┴──────────────────────────┘
  Other reserved ports: 4400, 4500

Issues? Report them at https://github.com/firebase/firebase-tools/issues and attach the *-debug.log files.
 
[debug] [2020-11-27T16:40:18.916Z] [worker-~diagnostic~-7dec68f4-f7fd-4af4-80ed-f1512ec1c546]: IDLE {"metadata":{"emulator":{"name":"functions"},"message":"[worker-~diagnostic~-7dec68f4-f7fd-4af4-80ed-f1512ec1c546]: IDLE"}}
[debug] [2020-11-27T16:41:34.727Z] [work-queue] {"queueLength":1,"workRunningCount":0}
[debug] [2020-11-27T16:41:34.728Z] [work-queue] {"queueLength":0,"workRunningCount":1}
[debug] [2020-11-27T16:41:34.729Z] Accepted request POST /eshop-85231/us-central1/api/payment/create?total=199900 --> api
[debug] [2020-11-27T16:41:34.737Z] [worker-pool] addWorker(api) {"metadata":{"emulator":{"name":"functions"},"message":"[worker-pool] addWorker(api)"}}
[debug] [2020-11-27T16:41:34.738Z] [worker-pool] Adding worker with key api, total=1 {"metadata":{"emulator":{"name":"functions"},"message":"[worker-pool] Adding worker with key api, total=1"}}
[debug] [2020-11-27T16:41:34.738Z] [worker-pool] submitWork(triggerId=api) {"metadata":{"emulator":{"name":"functions"},"message":"[worker-pool] submitWork(triggerId=api)"}}
[debug] [2020-11-27T16:41:34.739Z] [worker-api-3e1ae84d-f457-4b20-a316-c762eb0a645c]: Assigning socketPath: /tmp/fire_emu_194588.sock {"metadata":{"emulator":{"name":"functions"},"message":"[worker-api-3e1ae84d-f457-4b20-a316-c762eb0a645c]: Assigning socketPath: /tmp/fire_emu_194588.sock"}}
[debug] [2020-11-27T16:41:34.739Z] [worker-api-3e1ae84d-f457-4b20-a316-c762eb0a645c]: BUSY {"metadata":{"emulator":{"name":"functions"},"message":"[worker-api-3e1ae84d-f457-4b20-a316-c762eb0a645c]: BUSY"}}
[debug] [2020-11-27T16:41:35.046Z] [runtime-status] [194588] Functions runtime initialized. {"cwd":"/home/workhome/React js/amazon-clone/functions","node_version":"12.19.0"} {"metadata":{"emulator":{"name":"functions"},"function":{"name":"api"},"message":"[runtime-status] [194588] Functions runtime initialized. {\"cwd\":\"/home/workhome/React js/amazon-clone/functions\",\"node_version\":\"12.19.0\"}"}}
[debug] [2020-11-27T16:41:35.049Z] [runtime-status] [194588] Disabled runtime features: undefined {"metadata":{"emulator":{"name":"functions"},"function":{"name":"api"},"message":"[runtime-status] [194588] Disabled runtime features: undefined"}}
[debug] [2020-11-27T16:41:35.053Z] [runtime-status] [194588] Resolved module firebase-admin {"declared":true,"installed":true,"version":"8.13.0","resolution":"/home/workhome/React js/amazon-clone/functions/node_modules/firebase-admin/lib/index.js"} {"metadata":{"emulator":{"name":"functions"},"function":{"name":"api"},"message":"[runtime-status] [194588] Resolved module firebase-admin {\"declared\":true,\"installed\":true,\"version\":\"8.13.0\",\"resolution\":\"/home/workhome/React js/amazon-clone/functions/node_modules/firebase-admin/lib/index.js\"}"}}
[debug] [2020-11-27T16:41:35.055Z] [runtime-status] [194588] Resolved module firebase-functions {"declared":true,"installed":true,"version":"3.11.0","resolution":"/home/workhome/React js/amazon-clone/functions/node_modules/firebase-functions/lib/index.js"} {"metadata":{"emulator":{"name":"functions"},"function":{"name":"api"},"message":"[runtime-status] [194588] Resolved module firebase-functions {\"declared\":true,\"installed\":true,\"version\":\"3.11.0\",\"resolution\":\"/home/workhome/React js/amazon-clone/functions/node_modules/firebase-functions/lib/index.js\"}"}}
[debug] [2020-11-27T16:41:35.057Z] [runtime-status] [194588] Resolved module firebase-functions {"declared":true,"installed":true,"version":"3.11.0","resolution":"/home/workhome/React js/amazon-clone/functions/node_modules/firebase-functions/lib/index.js"} {"metadata":{"emulator":{"name":"functions"},"function":{"name":"api"},"message":"[runtime-status] [194588] Resolved module firebase-functions {\"declared\":true,\"installed\":true,\"version\":\"3.11.0\",\"resolution\":\"/home/workhome/React js/amazon-clone/functions/node_modules/firebase-functions/lib/index.js\"}"}}
[debug] [2020-11-27T16:41:35.061Z] [runtime-status] [194588] Outgoing network have been stubbed. [{"name":"http","status":"mocked"},{"name":"http","status":"mocked"},{"name":"https","status":"mocked"},{"name":"https","status":"mocked"},{"name":"net","status":"mocked"}] {"metadata":{"emulator":{"name":"functions"},"function":{"name":"api"},"message":"[runtime-status] [194588] Outgoing network have been stubbed. [{\"name\":\"http\",\"status\":\"mocked\"},{\"name\":\"http\",\"status\":\"mocked\"},{\"name\":\"https\",\"status\":\"mocked\"},{\"name\":\"https\",\"status\":\"mocked\"},{\"name\":\"net\",\"status\":\"mocked\"}]"}}
[debug] [2020-11-27T16:41:35.064Z] [runtime-status] [194588] Resolved module firebase-functions {"declared":true,"installed":true,"version":"3.11.0","resolution":"/home/workhome/React js/amazon-clone/functions/node_modules/firebase-functions/lib/index.js"} {"metadata":{"emulator":{"name":"functions"},"function":{"name":"api"},"message":"[runtime-status] [194588] Resolved module firebase-functions {\"declared\":true,\"installed\":true,\"version\":\"3.11.0\",\"resolution\":\"/home/workhome/React js/amazon-clone/functions/node_modules/firebase-functions/lib/index.js\"}"}}
[debug] [2020-11-27T16:41:35.103Z] [runtime-status] [194588] Checked functions.config() {"config":{}} {"metadata":{"emulator":{"name":"functions"},"function":{"name":"api"},"message":"[runtime-status] [194588] Checked functions.config() {\"config\":{}}"}}
[debug] [2020-11-27T16:41:35.103Z] [runtime-status] [194588] firebase-functions has been stubbed. {"functionsResolution":{"declared":true,"installed":true,"version":"3.11.0","resolution":"/home/workhome/React js/amazon-clone/functions/node_modules/firebase-functions/lib/index.js"}} {"metadata":{"emulator":{"name":"functions"},"function":{"name":"api"},"message":"[runtime-status] [194588] firebase-functions has been stubbed. {\"functionsResolution\":{\"declared\":true,\"installed\":true,\"version\":\"3.11.0\",\"resolution\":\"/home/workhome/React js/amazon-clone/functions/node_modules/firebase-functions/lib/index.js\"}}"}}
[debug] [2020-11-27T16:41:35.104Z] [runtime-status] [194588] Resolved module firebase-functions {"declared":true,"installed":true,"version":"3.11.0","resolution":"/home/workhome/React js/amazon-clone/functions/node_modules/firebase-functions/lib/index.js"} {"metadata":{"emulator":{"name":"functions"},"function":{"name":"api"},"message":"[runtime-status] [194588] Resolved module firebase-functions {\"declared\":true,\"installed\":true,\"version\":\"3.11.0\",\"resolution\":\"/home/workhome/React js/amazon-clone/functions/node_modules/firebase-functions/lib/index.js\"}"}}
[debug] [2020-11-27T16:41:35.105Z] [runtime-status] [194588] Resolved module firebase-admin {"declared":true,"installed":true,"version":"8.13.0","resolution":"/home/workhome/React js/amazon-clone/functions/node_modules/firebase-admin/lib/index.js"} {"metadata":{"emulator":{"name":"functions"},"function":{"name":"api"},"message":"[runtime-status] [194588] Resolved module firebase-admin {\"declared\":true,\"installed\":true,\"version\":\"8.13.0\",\"resolution\":\"/home/workhome/React js/amazon-clone/functions/node_modules/firebase-admin/lib/index.js\"}"}}
[debug] [2020-11-27T16:41:35.106Z] [runtime-status] [194588] Resolved module firebase-functions {"declared":true,"installed":true,"version":"3.11.0","resolution":"/home/workhome/React js/amazon-clone/functions/node_modules/firebase-functions/lib/index.js"} {"metadata":{"emulator":{"name":"functions"},"function":{"name":"api"},"message":"[runtime-status] [194588] Resolved module firebase-functions {\"declared\":true,\"installed\":true,\"version\":\"3.11.0\",\"resolution\":\"/home/workhome/React js/amazon-clone/functions/node_modules/firebase-functions/lib/index.js\"}"}}
[debug] [2020-11-27T16:41:35.106Z] [runtime-status] [194588] firebase-admin has been stubbed. {"adminResolution":{"declared":true,"installed":true,"version":"8.13.0","resolution":"/home/workhome/React js/amazon-clone/functions/node_modules/firebase-admin/lib/index.js"}} {"metadata":{"emulator":{"name":"functions"},"function":{"name":"api"},"message":"[runtime-status] [194588] firebase-admin has been stubbed. {\"adminResolution\":{\"declared\":true,\"installed\":true,\"version\":\"8.13.0\",\"resolution\":\"/home/workhome/React js/amazon-clone/functions/node_modules/firebase-admin/lib/index.js\"}}"}}
[debug] [2020-11-27T16:41:35.202Z] [runtime-status] [194588] Trigger "api" has been found, beginning invocation! {"metadata":{"emulator":{"name":"functions"},"function":{"name":"api"},"message":"[runtime-status] [194588] Trigger \"api\" has been found, beginning invocation!"}}
[info] i  functions: Beginning execution of "api" {"metadata":{"emulator":{"name":"functions"},"function":{"name":"api"},"message":"Beginning execution of \"api\""}}
[debug] [2020-11-27T16:41:35.204Z] [runtime-status] [194588] triggerDefinition {"httpsTrigger":{},"name":"api","entryPoint":"api"} {"metadata":{"emulator":{"name":"functions"},"function":{"name":"api"},"message":"[runtime-status] [194588] triggerDefinition {\"httpsTrigger\":{},\"name\":\"api\",\"entryPoint\":\"api\"}"}}
[debug] [2020-11-27T16:41:35.204Z] [runtime-status] [194588] Running api in mode HTTPS {"metadata":{"emulator":{"name":"functions"},"function":{"name":"api"},"message":"[runtime-status] [194588] Running api in mode HTTPS"}}
[debug] [2020-11-27T16:41:35.209Z] [runtime-status] [194588] Attempting to listen to socketPath: /tmp/fire_emu_194588.sock {"metadata":{"emulator":{"name":"functions"},"function":{"name":"api"},"message":"[runtime-status] [194588] Attempting to listen to socketPath: /tmp/fire_emu_194588.sock"}}
[debug] [2020-11-27T16:41:35.214Z] [functions] Runtime ready! Sending request! {"metadata":{"emulator":{"name":"functions"},"message":"[functions] Runtime ready! Sending request!"}}
[debug] [2020-11-27T16:41:35.226Z] [runtime-status] [194588] Ephemeral server handling POST request {"metadata":{"emulator":{"name":"functions"},"function":{"name":"api"},"message":"[runtime-status] [194588] Ephemeral server handling POST request"}}
[info] >  payment Request recieved BOOM !!! for this amount  199900 {"user":"payment Request recieved BOOM !!! for this amount  199900","metadata":{"emulator":{"name":"functions"},"function":{"name":"api"},"message":"\u001b[90m> \u001b[39m payment Request recieved BOOM !!! for this amount  199900"}}
[debug] [2020-11-27T16:41:35.241Z] [runtime-status] [194588] Ephemeral server survived. {"metadata":{"emulator":{"name":"functions"},"function":{"name":"api"},"message":"[runtime-status] [194588] Ephemeral server survived."}}
[info] i  functions: Finished "api" in ~3s {"metadata":{"emulator":{"name":"functions"},"function":{"name":"api"},"message":"Finished \"api\" in ~3s"}}
[debug] [2020-11-27T16:41:38.238Z] [worker-api-3e1ae84d-f457-4b20-a316-c762eb0a645c]: IDLE {"metadata":{"emulator":{"name":"functions"},"message":"[worker-api-3e1ae84d-f457-4b20-a316-c762eb0a645c]: IDLE"}}
[debug] [2020-11-27T16:41:38.239Z] [work-queue] {"queueLength":0,"workRunningCount":0}
[debug] [2020-11-27T16:41:58.034Z] [work-queue] {"queueLength":1,"workRunningCount":0}
[debug] [2020-11-27T16:41:58.034Z] [work-queue] {"queueLength":0,"workRunningCount":1}
[debug] [2020-11-27T16:41:58.035Z] Accepted request POST /eshop-85231/us-central1/api/payment/create?total=0 --> api
[debug] [2020-11-27T16:41:58.035Z] [worker-pool] submitWork(triggerId=api) {"metadata":{"emulator":{"name":"functions"},"message":"[worker-pool] submitWork(triggerId=api)"}}
[debug] [2020-11-27T16:41:58.035Z] [worker-api-3e1ae84d-f457-4b20-a316-c762eb0a645c]: Assigning socketPath: /tmp/fire_emu_194588.sock {"metadata":{"emulator":{"name":"functions"},"message":"[worker-api-3e1ae84d-f457-4b20-a316-c762eb0a645c]: Assigning socketPath: /tmp/fire_emu_194588.sock"}}
[debug] [2020-11-27T16:41:58.036Z] [worker-api-3e1ae84d-f457-4b20-a316-c762eb0a645c]: BUSY {"metadata":{"emulator":{"name":"functions"},"message":"[worker-api-3e1ae84d-f457-4b20-a316-c762eb0a645c]: BUSY"}}
[debug] [2020-11-27T16:41:58.037Z] [runtime-status] [194588] Trigger "api" has been found, beginning invocation! {"metadata":{"emulator":{"name":"functions"},"function":{"name":"api"},"message":"[runtime-status] [194588] Trigger \"api\" has been found, beginning invocation!"}}
[info] i  functions: Beginning execution of "api" {"metadata":{"emulator":{"name":"functions"},"function":{"name":"api"},"message":"Beginning execution of \"api\""}}
[debug] [2020-11-27T16:41:58.038Z] [runtime-status] [194588] triggerDefinition {"httpsTrigger":{},"name":"api","entryPoint":"api"} {"metadata":{"emulator":{"name":"functions"},"function":{"name":"api"},"message":"[runtime-status] [194588] triggerDefinition {\"httpsTrigger\":{},\"name\":\"api\",\"entryPoint\":\"api\"}"}}
[debug] [2020-11-27T16:41:58.038Z] [runtime-status] [194588] Running api in mode HTTPS {"metadata":{"emulator":{"name":"functions"},"function":{"name":"api"},"message":"[runtime-status] [194588] Running api in mode HTTPS"}}
[debug] [2020-11-27T16:41:58.039Z] [runtime-status] [194588] Attempting to listen to socketPath: /tmp/fire_emu_194588.sock {"metadata":{"emulator":{"name":"functions"},"function":{"name":"api"},"message":"[runtime-status] [194588] Attempting to listen to socketPath: /tmp/fire_emu_194588.sock"}}
[debug] [2020-11-27T16:41:58.042Z] [functions] Runtime ready! Sending request! {"metadata":{"emulator":{"name":"functions"},"message":"[functions] Runtime ready! Sending request!"}}
[debug] [2020-11-27T16:41:58.048Z] [runtime-status] [194588] Ephemeral server handling POST request {"metadata":{"emulator":{"name":"functions"},"function":{"name":"api"},"message":"[runtime-status] [194588] Ephemeral server handling POST request"}}
[info] >  payment Request recieved BOOM !!! for this amount  0 {"user":"payment Request recieved BOOM !!! for this amount  0","metadata":{"emulator":{"name":"functions"},"function":{"name":"api"},"message":"\u001b[90m> \u001b[39m payment Request recieved BOOM !!! for this amount  0"}}
[debug] [2020-11-27T16:41:58.051Z] [runtime-status] [194588] Ephemeral server survived. {"metadata":{"emulator":{"name":"functions"},"function":{"name":"api"},"message":"[runtime-status] [194588] Ephemeral server survived."}}
[info] >  (node:194588) UnhandledPromiseRejectionWarning: Error: This value must be greater than or equal to 1. {"user":"(node:194588) UnhandledPromiseRejectionWarning: Error: This value must be greater than or equal to 1.","metadata":{"emulator":{"name":"functions"},"function":{"name":"api"},"message":"\u001b[90m> \u001b[39m (node:194588) UnhandledPromiseRejectionWarning: Error: This value must be greater than or equal to 1."}}
[info] >      at Function.generate (/home/workhome/React js/amazon-clone/functions/node_modules/stripe/lib/Error.js:39:16) {"user":"    at Function.generate (/home/workhome/React js/amazon-clone/functions/node_modules/stripe/lib/Error.js:39:16)","metadata":{"emulator":{"name":"functions"},"function":{"name":"api"},"message":"\u001b[90m> \u001b[39m     at Function.generate (/home/workhome/React js/amazon-clone/functions/node_modules/stripe/lib/Error.js:39:16)"}}
[info] >      at IncomingMessage.<anonymous> (/home/workhome/React js/amazon-clone/functions/node_modules/stripe/lib/StripeResource.js:190:33) {"user":"    at IncomingMessage.<anonymous> (/home/workhome/React js/amazon-clone/functions/node_modules/stripe/lib/StripeResource.js:190:33)","metadata":{"emulator":{"name":"functions"},"function":{"name":"api"},"message":"\u001b[90m> \u001b[39m     at IncomingMessage.<anonymous> (/home/workhome/React js/amazon-clone/functions/node_modules/stripe/lib/StripeResource.js:190:33)"}}
[info] >      at Object.onceWrapper (events.js:420:28) {"user":"    at Object.onceWrapper (events.js:420:28)","metadata":{"emulator":{"name":"functions"},"function":{"name":"api"},"message":"\u001b[90m> \u001b[39m     at Object.onceWrapper (events.js:420:28)"}}
[info] >      at IncomingMessage.emit (events.js:326:22) {"user":"    at IncomingMessage.emit (events.js:326:22)","metadata":{"emulator":{"name":"functions"},"function":{"name":"api"},"message":"\u001b[90m> \u001b[39m     at IncomingMessage.emit (events.js:326:22)"}}
[info] >      at endReadableNT (_stream_readable.js:1223:12) {"user":"    at endReadableNT (_stream_readable.js:1223:12)","metadata":{"emulator":{"name":"functions"},"function":{"name":"api"},"message":"\u001b[90m> \u001b[39m     at endReadableNT (_stream_readable.js:1223:12)"}}
[info] >      at processTicksAndRejections (internal/process/task_queues.js:84:21) {"user":"    at processTicksAndRejections (internal/process/task_queues.js:84:21)","metadata":{"emulator":{"name":"functions"},"function":{"name":"api"},"message":"\u001b[90m> \u001b[39m     at processTicksAndRejections (internal/process/task_queues.js:84:21)"}}
[info] >  (node:194588) UnhandledPromiseRejectionWarning: Unhandled promise rejection. This error originated either by throwing inside of an async function without a catch block, or by rejecting a promise which was not handled with .catch(). To terminate the node process on unhandled promise rejection, use the CLI flag `--unhandled-rejections=strict` (see https://nodejs.org/api/cli.html#cli_unhandled_rejections_mode). (rejection id: 1) {"user":"(node:194588) UnhandledPromiseRejectionWarning: Unhandled promise rejection. This error originated either by throwing inside of an async function without a catch block, or by rejecting a promise which was not handled with .catch(). To terminate the node process on unhandled promise rejection, use the CLI flag `--unhandled-rejections=strict` (see https://nodejs.org/api/cli.html#cli_unhandled_rejections_mode). (rejection id: 1)","metadata":{"emulator":{"name":"functions"},"function":{"name":"api"},"message":"\u001b[90m> \u001b[39m (node:194588) UnhandledPromiseRejectionWarning: Unhandled promise rejection. This error originated either by throwing inside of an async function without a catch block, or by rejecting a promise which was not handled with .catch(). To terminate the node process on unhandled promise rejection, use the CLI flag `--unhandled-rejections=strict` (see https://nodejs.org/api/cli.html#cli_unhandled_rejections_mode). (rejection id: 1)"}}
[info] >  (node:194588) [DEP0018] DeprecationWarning: Unhandled promise rejections are deprecated. In the future, promise rejections that are not handled will terminate the Node.js process with a non-zero exit code. {"user":"(node:194588) [DEP0018] DeprecationWarning: Unhandled promise rejections are deprecated. In the future, promise rejections that are not handled will terminate the Node.js process with a non-zero exit code.","metadata":{"emulator":{"name":"functions"},"function":{"name":"api"},"message":"\u001b[90m> \u001b[39m (node:194588) [DEP0018] DeprecationWarning: Unhandled promise rejections are deprecated. In the future, promise rejections that are not handled will terminate the Node.js process with a non-zero exit code."}}
[warn] ⚠  functions: Your function timed out after ~60s. To configure this timeout, see
      https://firebase.google.com/docs/functions/manage-functions#set_timeout_and_memory_allocation. {"metadata":{"emulator":{"name":"functions"},"function":{"name":"api"},"message":"Your function timed out after ~60s. To configure this timeout, see\n      https://firebase.google.com/docs/functions/manage-functions#set_timeout_and_memory_allocation."}}
[info] >  /usr/local/lib/node_modules/firebase-tools/lib/emulator/functionsEmulatorRuntime.js:668 {"user":"/usr/local/lib/node_modules/firebase-tools/lib/emulator/functionsEmulatorRuntime.js:668","metadata":{"emulator":{"name":"functions"},"function":{"name":"api"},"message":"\u001b[90m> \u001b[39m /usr/local/lib/node_modules/firebase-tools/lib/emulator/functionsEmulatorRuntime.js:668"}}
[info] >                  throw new Error("Function timed out."); {"user":"                throw new Error(\"Function timed out.\");","metadata":{"emulator":{"name":"functions"},"function":{"name":"api"},"message":"\u001b[90m> \u001b[39m                 throw new Error(\"Function timed out.\");"}}
[info] >                  ^ {"user":"                ^","metadata":{"emulator":{"name":"functions"},"function":{"name":"api"},"message":"\u001b[90m> \u001b[39m                 ^"}}
[info] >   {"user":"","metadata":{"emulator":{"name":"functions"},"function":{"name":"api"},"message":"\u001b[90m> \u001b[39m "}}
[info] >  Error: Function timed out. {"user":"Error: Function timed out.","metadata":{"emulator":{"name":"functions"},"function":{"name":"api"},"message":"\u001b[90m> \u001b[39m Error: Function timed out."}}
[info] >      at Timeout._onTimeout (/usr/local/lib/node_modules/firebase-tools/lib/emulator/functionsEmulatorRuntime.js:668:23) {"user":"    at Timeout._onTimeout (/usr/local/lib/node_modules/firebase-tools/lib/emulator/functionsEmulatorRuntime.js:668:23)","metadata":{"emulator":{"name":"functions"},"function":{"name":"api"},"message":"\u001b[90m> \u001b[39m     at Timeout._onTimeout (/usr/local/lib/node_modules/firebase-tools/lib/emulator/functionsEmulatorRuntime.js:668:23)"}}
[info] >      at listOnTimeout (internal/timers.js:554:17) {"user":"    at listOnTimeout (internal/timers.js:554:17)","metadata":{"emulator":{"name":"functions"},"function":{"name":"api"},"message":"\u001b[90m> \u001b[39m     at listOnTimeout (internal/timers.js:554:17)"}}
[info] >      at processTimers (internal/timers.js:497:7) {"user":"    at processTimers (internal/timers.js:497:7)","metadata":{"emulator":{"name":"functions"},"function":{"name":"api"},"message":"\u001b[90m> \u001b[39m     at processTimers (internal/timers.js:497:7)"}}
[debug] [2020-11-27T16:42:58.056Z] [worker-api-3e1ae84d-f457-4b20-a316-c762eb0a645c]: exited {"metadata":{"emulator":{"name":"functions"},"message":"[worker-api-3e1ae84d-f457-4b20-a316-c762eb0a645c]: exited"}}
[debug] [2020-11-27T16:42:58.056Z] [worker-api-3e1ae84d-f457-4b20-a316-c762eb0a645c]: FINISHED {"metadata":{"emulator":{"name":"functions"},"message":"[worker-api-3e1ae84d-f457-4b20-a316-c762eb0a645c]: FINISHED"}}
[debug] [2020-11-27T16:42:58.056Z] [work-queue] {"queueLength":0,"workRunningCount":0}
[debug] [2020-11-27T16:56:24.195Z] [work-queue] {"queueLength":1,"workRunningCount":0}
[debug] [2020-11-27T16:56:24.196Z] [work-queue] {"queueLength":0,"workRunningCount":1}
[debug] [2020-11-27T16:56:24.196Z] Accepted request POST /eshop-85231/us-central1/api/payment/create?total=199900 --> api
[debug] [2020-11-27T16:56:24.196Z] [worker-pool] Cleaned up workers for api: 1 --> 0 {"metadata":{"emulator":{"name":"functions"},"message":"[worker-pool] Cleaned up workers for api: 1 --> 0"}}
[debug] [2020-11-27T16:56:24.202Z] [worker-pool] addWorker(api) {"metadata":{"emulator":{"name":"functions"},"message":"[worker-pool] addWorker(api)"}}
[debug] [2020-11-27T16:56:24.202Z] [worker-pool] Adding worker with key api, total=1 {"metadata":{"emulator":{"name":"functions"},"message":"[worker-pool] Adding worker with key api, total=1"}}
[debug] [2020-11-27T16:56:24.203Z] [worker-pool] submitWork(triggerId=api) {"metadata":{"emulator":{"name":"functions"},"message":"[worker-pool] submitWork(triggerId=api)"}}
[debug] [2020-11-27T16:56:24.203Z] [worker-api-ab736f51-dca9-4d5e-89d8-c8e4345727ad]: Assigning socketPath: /tmp/fire_emu_197058.sock {"metadata":{"emulator":{"name":"functions"},"message":"[worker-api-ab736f51-dca9-4d5e-89d8-c8e4345727ad]: Assigning socketPath: /tmp/fire_emu_197058.sock"}}
[debug] [2020-11-27T16:56:24.203Z] [worker-api-ab736f51-dca9-4d5e-89d8-c8e4345727ad]: BUSY {"metadata":{"emulator":{"name":"functions"},"message":"[worker-api-ab736f51-dca9-4d5e-89d8-c8e4345727ad]: BUSY"}}
[debug] [2020-11-27T16:56:28.308Z] [runtime-status] [197058] Functions runtime initialized. {"cwd":"/home/workhome/React js/amazon-clone/functions","node_version":"12.19.0"} {"metadata":{"emulator":{"name":"functions"},"function":{"name":"api"},"message":"[runtime-status] [197058] Functions runtime initialized. {\"cwd\":\"/home/workhome/React js/amazon-clone/functions\",\"node_version\":\"12.19.0\"}"}}
[debug] [2020-11-27T16:56:28.315Z] [runtime-status] [197058] Disabled runtime features: undefined {"metadata":{"emulator":{"name":"functions"},"function":{"name":"api"},"message":"[runtime-status] [197058] Disabled runtime features: undefined"}}
[debug] [2020-11-27T16:56:28.316Z] [runtime-status] [197058] Resolved module firebase-admin {"declared":true,"installed":true,"version":"8.13.0","resolution":"/home/workhome/React js/amazon-clone/functions/node_modules/firebase-admin/lib/index.js"} {"metadata":{"emulator":{"name":"functions"},"function":{"name":"api"},"message":"[runtime-status] [197058] Resolved module firebase-admin {\"declared\":true,\"installed\":true,\"version\":\"8.13.0\",\"resolution\":\"/home/workhome/React js/amazon-clone/functions/node_modules/firebase-admin/lib/index.js\"}"}}
[debug] [2020-11-27T16:56:28.318Z] [runtime-status] [197058] Resolved module firebase-functions {"declared":true,"installed":true,"version":"3.11.0","resolution":"/home/workhome/React js/amazon-clone/functions/node_modules/firebase-functions/lib/index.js"} {"metadata":{"emulator":{"name":"functions"},"function":{"name":"api"},"message":"[runtime-status] [197058] Resolved module firebase-functions {\"declared\":true,\"installed\":true,\"version\":\"3.11.0\",\"resolution\":\"/home/workhome/React js/amazon-clone/functions/node_modules/firebase-functions/lib/index.js\"}"}}
[debug] [2020-11-27T16:56:28.319Z] [runtime-status] [197058] Resolved module firebase-functions {"declared":true,"installed":true,"version":"3.11.0","resolution":"/home/workhome/React js/amazon-clone/functions/node_modules/firebase-functions/lib/index.js"} {"metadata":{"emulator":{"name":"functions"},"function":{"name":"api"},"message":"[runtime-status] [197058] Resolved module firebase-functions {\"declared\":true,\"installed\":true,\"version\":\"3.11.0\",\"resolution\":\"/home/workhome/React js/amazon-clone/functions/node_modules/firebase-functions/lib/index.js\"}"}}
[debug] [2020-11-27T16:56:28.324Z] [runtime-status] [197058] Outgoing network have been stubbed. [{"name":"http","status":"mocked"},{"name":"http","status":"mocked"},{"name":"https","status":"mocked"},{"name":"https","status":"mocked"},{"name":"net","status":"mocked"}] {"metadata":{"emulator":{"name":"functions"},"function":{"name":"api"},"message":"[runtime-status] [197058] Outgoing network have been stubbed. [{\"name\":\"http\",\"status\":\"mocked\"},{\"name\":\"http\",\"status\":\"mocked\"},{\"name\":\"https\",\"status\":\"mocked\"},{\"name\":\"https\",\"status\":\"mocked\"},{\"name\":\"net\",\"status\":\"mocked\"}]"}}
[debug] [2020-11-27T16:56:28.329Z] [runtime-status] [197058] Resolved module firebase-functions {"declared":true,"installed":true,"version":"3.11.0","resolution":"/home/workhome/React js/amazon-clone/functions/node_modules/firebase-functions/lib/index.js"} {"metadata":{"emulator":{"name":"functions"},"function":{"name":"api"},"message":"[runtime-status] [197058] Resolved module firebase-functions {\"declared\":true,\"installed\":true,\"version\":\"3.11.0\",\"resolution\":\"/home/workhome/React js/amazon-clone/functions/node_modules/firebase-functions/lib/index.js\"}"}}
[debug] [2020-11-27T16:56:28.386Z] [runtime-status] [197058] Checked functions.config() {"config":{}} {"metadata":{"emulator":{"name":"functions"},"function":{"name":"api"},"message":"[runtime-status] [197058] Checked functions.config() {\"config\":{}}"}}
[debug] [2020-11-27T16:56:28.387Z] [runtime-status] [197058] firebase-functions has been stubbed. {"functionsResolution":{"declared":true,"installed":true,"version":"3.11.0","resolution":"/home/workhome/React js/amazon-clone/functions/node_modules/firebase-functions/lib/index.js"}} {"metadata":{"emulator":{"name":"functions"},"function":{"name":"api"},"message":"[runtime-status] [197058] firebase-functions has been stubbed. {\"functionsResolution\":{\"declared\":true,\"installed\":true,\"version\":\"3.11.0\",\"resolution\":\"/home/workhome/React js/amazon-clone/functions/node_modules/firebase-functions/lib/index.js\"}}"}}
[debug] [2020-11-27T16:56:28.387Z] [runtime-status] [197058] Resolved module firebase-functions {"declared":true,"installed":true,"version":"3.11.0","resolution":"/home/workhome/React js/amazon-clone/functions/node_modules/firebase-functions/lib/index.js"} {"metadata":{"emulator":{"name":"functions"},"function":{"name":"api"},"message":"[runtime-status] [197058] Resolved module firebase-functions {\"declared\":true,\"installed\":true,\"version\":\"3.11.0\",\"resolution\":\"/home/workhome/React js/amazon-clone/functions/node_modules/firebase-functions/lib/index.js\"}"}}
[debug] [2020-11-27T16:56:28.389Z] [runtime-status] [197058] Resolved module firebase-admin {"declared":true,"installed":true,"version":"8.13.0","resolution":"/home/workhome/React js/amazon-clone/functions/node_modules/firebase-admin/lib/index.js"} {"metadata":{"emulator":{"name":"functions"},"function":{"name":"api"},"message":"[runtime-status] [197058] Resolved module firebase-admin {\"declared\":true,\"installed\":true,\"version\":\"8.13.0\",\"resolution\":\"/home/workhome/React js/amazon-clone/functions/node_modules/firebase-admin/lib/index.js\"}"}}
[debug] [2020-11-27T16:56:28.390Z] [runtime-status] [197058] Resolved module firebase-functions {"declared":true,"installed":true,"version":"3.11.0","resolution":"/home/workhome/React js/amazon-clone/functions/node_modules/firebase-functions/lib/index.js"} {"metadata":{"emulator":{"name":"functions"},"function":{"name":"api"},"message":"[runtime-status] [197058] Resolved module firebase-functions {\"declared\":true,\"installed\":true,\"version\":\"3.11.0\",\"resolution\":\"/home/workhome/React js/amazon-clone/functions/node_modules/firebase-functions/lib/index.js\"}"}}
[debug] [2020-11-27T16:56:28.390Z] [runtime-status] [197058] firebase-admin has been stubbed. {"adminResolution":{"declared":true,"installed":true,"version":"8.13.0","resolution":"/home/workhome/React js/amazon-clone/functions/node_modules/firebase-admin/lib/index.js"}} {"metadata":{"emulator":{"name":"functions"},"function":{"name":"api"},"message":"[runtime-status] [197058] firebase-admin has been stubbed. {\"adminResolution\":{\"declared\":true,\"installed\":true,\"version\":\"8.13.0\",\"resolution\":\"/home/workhome/React js/amazon-clone/functions/node_modules/firebase-admin/lib/index.js\"}}"}}
[debug] [2020-11-27T16:56:28.581Z] [runtime-status] [197058] Trigger "api" has been found, beginning invocation! {"metadata":{"emulator":{"name":"functions"},"function":{"name":"api"},"message":"[runtime-status] [197058] Trigger \"api\" has been found, beginning invocation!"}}
[info] i  functions: Beginning execution of "api" {"metadata":{"emulator":{"name":"functions"},"function":{"name":"api"},"message":"Beginning execution of \"api\""}}
[debug] [2020-11-27T16:56:28.583Z] [runtime-status] [197058] triggerDefinition {"httpsTrigger":{},"name":"api","entryPoint":"api"} {"metadata":{"emulator":{"name":"functions"},"function":{"name":"api"},"message":"[runtime-status] [197058] triggerDefinition {\"httpsTrigger\":{},\"name\":\"api\",\"entryPoint\":\"api\"}"}}
[debug] [2020-11-27T16:56:28.583Z] [runtime-status] [197058] Running api in mode HTTPS {"metadata":{"emulator":{"name":"functions"},"function":{"name":"api"},"message":"[runtime-status] [197058] Running api in mode HTTPS"}}
[debug] [2020-11-27T16:56:28.589Z] [runtime-status] [197058] Attempting to listen to socketPath: /tmp/fire_emu_197058.sock {"metadata":{"emulator":{"name":"functions"},"function":{"name":"api"},"message":"[runtime-status] [197058] Attempting to listen to socketPath: /tmp/fire_emu_197058.sock"}}
[debug] [2020-11-27T16:56:28.593Z] [functions] Runtime ready! Sending request! {"metadata":{"emulator":{"name":"functions"},"message":"[functions] Runtime ready! Sending request!"}}
[debug] [2020-11-27T16:56:28.605Z] [runtime-status] [197058] Ephemeral server handling POST request {"metadata":{"emulator":{"name":"functions"},"function":{"name":"api"},"message":"[runtime-status] [197058] Ephemeral server handling POST request"}}
[info] >  payment Request recieved BOOM !!! for this amount  199900 {"user":"payment Request recieved BOOM !!! for this amount  199900","metadata":{"emulator":{"name":"functions"},"function":{"name":"api"},"message":"\u001b[90m> \u001b[39m payment Request recieved BOOM !!! for this amount  199900"}}
[debug] [2020-11-27T16:56:28.625Z] [runtime-status] [197058] Ephemeral server survived. {"metadata":{"emulator":{"name":"functions"},"function":{"name":"api"},"message":"[runtime-status] [197058] Ephemeral server survived."}}
[info] i  functions: Finished "api" in ~1s {"metadata":{"emulator":{"name":"functions"},"function":{"name":"api"},"message":"Finished \"api\" in ~1s"}}
[debug] [2020-11-27T16:56:29.500Z] [worker-api-ab736f51-dca9-4d5e-89d8-c8e4345727ad]: IDLE {"metadata":{"emulator":{"name":"functions"},"message":"[worker-api-ab736f51-dca9-4d5e-89d8-c8e4345727ad]: IDLE"}}
[debug] [2020-11-27T16:56:29.500Z] [work-queue] {"queueLength":0,"workRunningCount":0}
[debug] [2020-11-27T16:56:38.977Z] [work-queue] {"queueLength":1,"workRunningCount":0}
[debug] [2020-11-27T16:56:38.978Z] [work-queue] {"queueLength":0,"workRunningCount":1}
[debug] [2020-11-27T16:56:38.985Z] Accepted request POST /eshop-85231/us-central1/api/payment/create?total=0 --> api
[debug] [2020-11-27T16:56:38.985Z] [worker-pool] submitWork(triggerId=api) {"metadata":{"emulator":{"name":"functions"},"message":"[worker-pool] submitWork(triggerId=api)"}}
[debug] [2020-11-27T16:56:38.986Z] [worker-api-ab736f51-dca9-4d5e-89d8-c8e4345727ad]: Assigning socketPath: /tmp/fire_emu_197058.sock {"metadata":{"emulator":{"name":"functions"},"message":"[worker-api-ab736f51-dca9-4d5e-89d8-c8e4345727ad]: Assigning socketPath: /tmp/fire_emu_197058.sock"}}
[debug] [2020-11-27T16:56:38.986Z] [worker-api-ab736f51-dca9-4d5e-89d8-c8e4345727ad]: BUSY {"metadata":{"emulator":{"name":"functions"},"message":"[worker-api-ab736f51-dca9-4d5e-89d8-c8e4345727ad]: BUSY"}}
[debug] [2020-11-27T16:56:38.988Z] [runtime-status] [197058] Trigger "api" has been found, beginning invocation! {"metadata":{"emulator":{"name":"functions"},"function":{"name":"api"},"message":"[runtime-status] [197058] Trigger \"api\" has been found, beginning invocation!"}}
[info] i  functions: Beginning execution of "api" {"metadata":{"emulator":{"name":"functions"},"function":{"name":"api"},"message":"Beginning execution of \"api\""}}
[debug] [2020-11-27T16:56:38.989Z] [runtime-status] [197058] triggerDefinition {"httpsTrigger":{},"name":"api","entryPoint":"api"} {"metadata":{"emulator":{"name":"functions"},"function":{"name":"api"},"message":"[runtime-status] [197058] triggerDefinition {\"httpsTrigger\":{},\"name\":\"api\",\"entryPoint\":\"api\"}"}}
[debug] [2020-11-27T16:56:38.989Z] [runtime-status] [197058] Running api in mode HTTPS {"metadata":{"emulator":{"name":"functions"},"function":{"name":"api"},"message":"[runtime-status] [197058] Running api in mode HTTPS"}}
[debug] [2020-11-27T16:56:38.990Z] [runtime-status] [197058] Attempting to listen to socketPath: /tmp/fire_emu_197058.sock {"metadata":{"emulator":{"name":"functions"},"function":{"name":"api"},"message":"[runtime-status] [197058] Attempting to listen to socketPath: /tmp/fire_emu_197058.sock"}}
[debug] [2020-11-27T16:56:38.991Z] [functions] Runtime ready! Sending request! {"metadata":{"emulator":{"name":"functions"},"message":"[functions] Runtime ready! Sending request!"}}
[debug] [2020-11-27T16:56:38.996Z] [runtime-status] [197058] Ephemeral server handling POST request {"metadata":{"emulator":{"name":"functions"},"function":{"name":"api"},"message":"[runtime-status] [197058] Ephemeral server handling POST request"}}
[info] >  payment Request recieved BOOM !!! for this amount  0 {"user":"payment Request recieved BOOM !!! for this amount  0","metadata":{"emulator":{"name":"functions"},"function":{"name":"api"},"message":"\u001b[90m> \u001b[39m payment Request recieved BOOM !!! for this amount  0"}}
[debug] [2020-11-27T16:56:38.999Z] [runtime-status] [197058] Ephemeral server survived. {"metadata":{"emulator":{"name":"functions"},"function":{"name":"api"},"message":"[runtime-status] [197058] Ephemeral server survived."}}
[info] >  (node:197058) UnhandledPromiseRejectionWarning: Error: This value must be greater than or equal to 1. {"user":"(node:197058) UnhandledPromiseRejectionWarning: Error: This value must be greater than or equal to 1.","metadata":{"emulator":{"name":"functions"},"function":{"name":"api"},"message":"\u001b[90m> \u001b[39m (node:197058) UnhandledPromiseRejectionWarning: Error: This value must be greater than or equal to 1."}}
[info] >      at Function.generate (/home/workhome/React js/amazon-clone/functions/node_modules/stripe/lib/Error.js:39:16) {"user":"    at Function.generate (/home/workhome/React js/amazon-clone/functions/node_modules/stripe/lib/Error.js:39:16)","metadata":{"emulator":{"name":"functions"},"function":{"name":"api"},"message":"\u001b[90m> \u001b[39m     at Function.generate (/home/workhome/React js/amazon-clone/functions/node_modules/stripe/lib/Error.js:39:16)"}}
[info] >      at IncomingMessage.<anonymous> (/home/workhome/React js/amazon-clone/functions/node_modules/stripe/lib/StripeResource.js:190:33) {"user":"    at IncomingMessage.<anonymous> (/home/workhome/React js/amazon-clone/functions/node_modules/stripe/lib/StripeResource.js:190:33)","metadata":{"emulator":{"name":"functions"},"function":{"name":"api"},"message":"\u001b[90m> \u001b[39m     at IncomingMessage.<anonymous> (/home/workhome/React js/amazon-clone/functions/node_modules/stripe/lib/StripeResource.js:190:33)"}}
[info] >      at Object.onceWrapper (events.js:420:28) {"user":"    at Object.onceWrapper (events.js:420:28)","metadata":{"emulator":{"name":"functions"},"function":{"name":"api"},"message":"\u001b[90m> \u001b[39m     at Object.onceWrapper (events.js:420:28)"}}
[info] >      at IncomingMessage.emit (events.js:326:22) {"user":"    at IncomingMessage.emit (events.js:326:22)","metadata":{"emulator":{"name":"functions"},"function":{"name":"api"},"message":"\u001b[90m> \u001b[39m     at IncomingMessage.emit (events.js:326:22)"}}
[info] >      at endReadableNT (_stream_readable.js:1223:12) {"user":"    at endReadableNT (_stream_readable.js:1223:12)","metadata":{"emulator":{"name":"functions"},"function":{"name":"api"},"message":"\u001b[90m> \u001b[39m     at endReadableNT (_stream_readable.js:1223:12)"}}
[info] >      at processTicksAndRejections (internal/process/task_queues.js:84:21) {"user":"    at processTicksAndRejections (internal/process/task_queues.js:84:21)","metadata":{"emulator":{"name":"functions"},"function":{"name":"api"},"message":"\u001b[90m> \u001b[39m     at processTicksAndRejections (internal/process/task_queues.js:84:21)"}}
[info] >  (node:197058) UnhandledPromiseRejectionWarning: Unhandled promise rejection. This error originated either by throwing inside of an async function without a catch block, or by rejecting a promise which was not handled with .catch(). To terminate the node process on unhandled promise rejection, use the CLI flag `--unhandled-rejections=strict` (see https://nodejs.org/api/cli.html#cli_unhandled_rejections_mode). (rejection id: 1) {"user":"(node:197058) UnhandledPromiseRejectionWarning: Unhandled promise rejection. This error originated either by throwing inside of an async function without a catch block, or by rejecting a promise which was not handled with .catch(). To terminate the node process on unhandled promise rejection, use the CLI flag `--unhandled-rejections=strict` (see https://nodejs.org/api/cli.html#cli_unhandled_rejections_mode). (rejection id: 1)","metadata":{"emulator":{"name":"functions"},"function":{"name":"api"},"message":"\u001b[90m> \u001b[39m (node:197058) UnhandledPromiseRejectionWarning: Unhandled promise rejection. This error originated either by throwing inside of an async function without a catch block, or by rejecting a promise which was not handled with .catch(). To terminate the node process on unhandled promise rejection, use the CLI flag `--unhandled-rejections=strict` (see https://nodejs.org/api/cli.html#cli_unhandled_rejections_mode). (rejection id: 1)"}}
[info] >  (node:197058) [DEP0018] DeprecationWarning: Unhandled promise rejections are deprecated. In the future, promise rejections that are not handled will terminate the Node.js process with a non-zero exit code. {"user":"(node:197058) [DEP0018] DeprecationWarning: Unhandled promise rejections are deprecated. In the future, promise rejections that are not handled will terminate the Node.js process with a non-zero exit code.","metadata":{"emulator":{"name":"functions"},"function":{"name":"api"},"message":"\u001b[90m> \u001b[39m (node:197058) [DEP0018] DeprecationWarning: Unhandled promise rejections are deprecated. In the future, promise rejections that are not handled will terminate the Node.js process with a non-zero exit code."}}
[warn] ⚠  functions: Your function timed out after ~60s. To configure this timeout, see
      https://firebase.google.com/docs/functions/manage-functions#set_timeout_and_memory_allocation. {"metadata":{"emulator":{"name":"functions"},"function":{"name":"api"},"message":"Your function timed out after ~60s. To configure this timeout, see\n      https://firebase.google.com/docs/functions/manage-functions#set_timeout_and_memory_allocation."}}
[info] >  /usr/local/lib/node_modules/firebase-tools/lib/emulator/functionsEmulatorRuntime.js:668 {"user":"/usr/local/lib/node_modules/firebase-tools/lib/emulator/functionsEmulatorRuntime.js:668","metadata":{"emulator":{"name":"functions"},"function":{"name":"api"},"message":"\u001b[90m> \u001b[39m /usr/local/lib/node_modules/firebase-tools/lib/emulator/functionsEmulatorRuntime.js:668"}}
[info] >                  throw new Error("Function timed out."); {"user":"                throw new Error(\"Function timed out.\");","metadata":{"emulator":{"name":"functions"},"function":{"name":"api"},"message":"\u001b[90m> \u001b[39m                 throw new Error(\"Function timed out.\");"}}
[info] >                  ^ {"user":"                ^","metadata":{"emulator":{"name":"functions"},"function":{"name":"api"},"message":"\u001b[90m> \u001b[39m                 ^"}}
[info] >   {"user":"","metadata":{"emulator":{"name":"functions"},"function":{"name":"api"},"message":"\u001b[90m> \u001b[39m "}}
[info] >  Error: Function timed out. {"user":"Error: Function timed out.","metadata":{"emulator":{"name":"functions"},"function":{"name":"api"},"message":"\u001b[90m> \u001b[39m Error: Function timed out."}}
[info] >      at Timeout._onTimeout (/usr/local/lib/node_modules/firebase-tools/lib/emulator/functionsEmulatorRuntime.js:668:23) {"user":"    at Timeout._onTimeout (/usr/local/lib/node_modules/firebase-tools/lib/emulator/functionsEmulatorRuntime.js:668:23)","metadata":{"emulator":{"name":"functions"},"function":{"name":"api"},"message":"\u001b[90m> \u001b[39m     at Timeout._onTimeout (/usr/local/lib/node_modules/firebase-tools/lib/emulator/functionsEmulatorRuntime.js:668:23)"}}
[info] >      at listOnTimeout (internal/timers.js:554:17) {"user":"    at listOnTimeout (internal/timers.js:554:17)","metadata":{"emulator":{"name":"functions"},"function":{"name":"api"},"message":"\u001b[90m> \u001b[39m     at listOnTimeout (internal/timers.js:554:17)"}}
[info] >      at processTimers (internal/timers.js:497:7) {"user":"    at processTimers (internal/timers.js:497:7)","metadata":{"emulator":{"name":"functions"},"function":{"name":"api"},"message":"\u001b[90m> \u001b[39m     at processTimers (internal/timers.js:497:7)"}}
[debug] [2020-11-27T16:57:39.001Z] [worker-api-ab736f51-dca9-4d5e-89d8-c8e4345727ad]: exited {"metadata":{"emulator":{"name":"functions"},"message":"[worker-api-ab736f51-dca9-4d5e-89d8-c8e4345727ad]: exited"}}
[debug] [2020-11-27T16:57:39.001Z] [worker-api-ab736f51-dca9-4d5e-89d8-c8e4345727ad]: FINISHED {"metadata":{"emulator":{"name":"functions"},"message":"[worker-api-ab736f51-dca9-4d5e-89d8-c8e4345727ad]: FINISHED"}}
[debug] [2020-11-27T16:57:39.001Z] [work-queue] {"queueLength":0,"workRunningCount":0}
